<?xml version="1.0" encoding="UTF-8"?>
<!-- Generated by org.testng.reporters.JUnitXMLReporter -->
<testsuite ignored="2" hostname="DESKTOP-KE67IID" failures="0" tests="2" name="TestLocal" time="31.523" errors="0" timestamp="2022-09-26T09:20:27 IST">
  <testcase classname="script.Test1" name="testA" time="2.726"/>
  <testcase classname="script.Test2" name="testB" time="0.302"/>
  <testcase classname="generic.BaseTest" name="@BeforeSuite initReport" time="0.0">
    <ignored/>
  </testcase> <!-- @BeforeSuite initReport -->
  <testcase classname="generic.BaseTest" name="@AfterSuite publishReport" time="0.0">
    <ignored/>
  </testcase> <!-- @AfterSuite publishReport -->
</testsuite> <!-- TestLocal -->
